<?xml version="1.0" encoding="UTF-8" standalone="no"?>
<testsuite errors="0" failures="1" name="io.cucumber.core.plugin.JUnitFormatter" skipped="0" tests="16" time="201.499">
<testcase classname="Registration | users could register with new accounts" name="guest user could register with valid data successfully" time="11.4">
<system-out><![CDATA[Given user go to register page..............................................passed
When user select gender type................................................passed
And ser enter first name "automation" and last name "tester"................passed
And user enter date of birth................................................passed
And user enter email field..................................................passed
And user fills Password fields "P@ssw0rd" "P@ssw0rd"........................passed
And user clicks on register button..........................................passed
Then success message is displayed...........................................passed
]]></system-out>
</testcase>
<testcase classname="F02_Login | users could use login functionality to use their accounts" name="user could login with valid email and password" time="10.661">
<system-out><![CDATA[Given user go to login page.................................................passed
When user login with "valid" "paz.kuphal@example.com" and "P@ssw0rd"........passed
And user press on login button..............................................passed
Then user login to the system successfully..................................passed
]]></system-out>
</testcase>
<testcase classname="F02_Login | users could use login functionality to use their accounts" name="user could login with invalid email and password" time="8.425">
<system-out><![CDATA[Given user go to login page.................................................passed
When user login unsuccessfully with "invalid" "wrong@example.com" and "P@ssw0rd".passed
And user press on login button..............................................passed
Then user could not login to the system.....................................passed
]]></system-out>
</testcase>
<testcase classname="F03_Currencies | user can change Currencies" name="guest user could change Currencies successfully" time="7.974">
<system-out><![CDATA[Given Select Euro currency from the dropdown list on the top left of home page.passed
Then Find all Elements with Euro currency...................................passed
]]></system-out>
</testcase>
<testcase classname="F04_Search | users could use search functionality to get product successfully" name="user could search using product name" time="10.498">
<system-out><![CDATA[Given user enter search "book" and get search result........................passed
When user get search result on valid page...................................passed
Then user find each result contains the search word by keyword "book".......passed
]]></system-out>
</testcase>
<testcase classname="F04_Search | users could use search functionality to get product successfully" name="user could search using product name 2" time="9.323">
<system-out><![CDATA[Given user enter search "laptop" and get search result......................passed
When user get search result on valid page...................................passed
Then user find each result contains the search word by keyword "laptop".....passed
]]></system-out>
</testcase>
<testcase classname="F04_Search | users could use search functionality to get product successfully" name="user could search using product name 3" time="9.43">
<system-out><![CDATA[Given user enter search "nike" and get search result........................passed
When user get search result on valid page...................................passed
Then user find each result contains the search word by keyword "nike".......passed
]]></system-out>
</testcase>
<testcase classname="F04_Search | users could use search functionality to get product successfully" name="user could search using product name using sku" time="10.851">
<system-out><![CDATA[Given user enter search "SCI_FAITH" and get search result...................passed
When user click on the product in search result.............................passed
Then user find each result contains the search word by sku "SCI_FAITH"......passed
]]></system-out>
</testcase>
<testcase classname="F04_Search | users could use search functionality to get product successfully" name="user could search using product name using sku 2" time="13.92">
<system-out><![CDATA[Given user enter search "APPLE_CAM" and get search result...................passed
When user click on the product in search result.............................passed
Then user find each result contains the search word by sku "APPLE_CAM"......passed
]]></system-out>
</testcase>
<testcase classname="F04_Search | users could use search functionality to get product successfully" name="user could search using product name using sku 3" time="13.255">
<system-out><![CDATA[Given user enter search "SF_PRO_11" and get search result...................passed
When user click on the product in search result.............................passed
Then user find each result contains the search word by sku "SF_PRO_11"......passed
]]></system-out>
</testcase>
<testcase classname="F04_Search | users could use search functionality to get product successfully" name="user could search using product name using sku 4" time="10.98">
<system-out><![CDATA[Given user enter search "AP_MBP_13" and get search result...................passed
When user click on the product in search result.............................passed
Then user find each result contains the search word by sku "AP_MBP_13"......passed
]]></system-out>
</testcase>
<testcase classname="F05_HoverCategories | users could over Categories and select one of sub options successfully" name="user  hover on one of main categories then click on sub category" time="10.785">
<system-out><![CDATA[Given user hover on one of the main categories..............................passed
When user can view sub category if exist....................................passed
Then user can select sub category or open main category.....................passed
]]></system-out>
</testcase>
<testcase classname="F07_followUs | users could open followUs links" name="user opens facebook link" time="19.458">
<system-out><![CDATA[Given user opens "facebook" link............................................passed
When user can display new tab...............................................passed
And user can switch between two tabs........................................passed
Then "https://www.facebook.com/nopCommerce" is opened in new tab............passed
]]></system-out>
</testcase>
<testcase classname="F07_followUs | users could open followUs links" name="user opens twitter link" time="18.718">
<system-out><![CDATA[Given user opens "twitter" link.............................................passed
When user can display new tab...............................................passed
And user can switch between two tabs........................................passed
Then "https://twitter.com/nopCommerce" is opened in new tab.................passed
]]></system-out>
</testcase>
<testcase classname="F07_followUs | users could open followUs links" name="user opens rss link" time="13.465">
<failure message="expected [https://demo.nopcommerce.com/new-online-store-is-open] but found [https://demo.nopcommerce.com/news/rss/1]" type="java.lang.AssertionError"><![CDATA[Given user opens "rss" link.................................................passed
Then "https://demo.nopcommerce.com/new-online-store-is-open" is opened in new tab.failed

StackTrace:
java.lang.AssertionError: expected [https://demo.nopcommerce.com/new-online-store-is-open] but found [https://demo.nopcommerce.com/news/rss/1]
	at org.testng.Assert.fail(Assert.java:110)
	at org.testng.Assert.failNotEquals(Assert.java:1413)
	at org.testng.Assert.assertEqualsImpl(Assert.java:149)
	at org.testng.Assert.assertEquals(Assert.java:131)
	at org.testng.Assert.assertEquals(Assert.java:655)
	at org.testng.Assert.assertEquals(Assert.java:665)
	at org.example.stepDefs.D07_followUsStepDef.asserURL(D07_followUsStepDef.java:61)
	at âœ½."https://demo.nopcommerce.com/new-online-store-is-open" is opened in new tab(file:///D:/IdeaProjects/NayeraFinal/src/main/resources/Features/F07_followUs.feature:19)
]]></failure>
</testcase>
<testcase classname="F07_followUs | users could open followUs links" name="user opens youtube link" time="22.097">
<system-out><![CDATA[Given user opens "youtube" link.............................................passed
When user can display new tab...............................................passed
And user can switch between two tabs........................................passed
Then "https://www.youtube.com/user/nopCommerce" is opened in new tab........passed
]]></system-out>
</testcase>
</testsuite>
