<?xml version="1.0" encoding="UTF-8"?>
<!-- Generated by org.testng.reporters.JUnitReportReporter -->
<testsuite skipped="0" hostname="DESKTOP-5J0FCDB" name="org.example.testRunners.runners" tests="16" failures="1" timestamp="2022-08-28T00:34:48 GMT+02:00" time="201.408" errors="0">
  <testcase name="runScenario" time="19.462" classname="org.example.testRunners.runners"/>
  <system-out/>
  <testcase name="runScenario" time="9.435" classname="org.example.testRunners.runners"/>
  <system-out/>
  <testcase name="runScenario" time="9.331" classname="org.example.testRunners.runners"/>
  <system-out/>
  <testcase name="runScenario" time="11.465" classname="org.example.testRunners.runners"/>
  <system-out/>
  <testcase name="runScenario" time="10.509" classname="org.example.testRunners.runners"/>
  <system-out/>
  <testcase name="runScenario" time="13.259" classname="org.example.testRunners.runners"/>
  <system-out/>
  <testcase name="runScenario" time="10.984" classname="org.example.testRunners.runners"/>
  <system-out/>
  <testcase name="runScenario" time="8.432" classname="org.example.testRunners.runners"/>
  <system-out/>
  <testcase name="runScenario" time="13.924" classname="org.example.testRunners.runners"/>
  <system-out/>
  <testcase name="runScenario" time="13.471" classname="org.example.testRunners.runners">
    <failure type="java.lang.AssertionError" message="expected [https://demo.nopcommerce.com/new-online-store-is-open] but found [https://demo.nopcommerce.com/news/rss/1]">
      <![CDATA[java.lang.AssertionError: expected [https://demo.nopcommerce.com/new-online-store-is-open] but found [https://demo.nopcommerce.com/news/rss/1]
at org.testng.Assert.fail(Assert.java:110)
at org.testng.Assert.failNotEquals(Assert.java:1413)
at org.testng.Assert.assertEqualsImpl(Assert.java:149)
at org.testng.Assert.assertEquals(Assert.java:131)
at org.testng.Assert.assertEquals(Assert.java:655)
at org.testng.Assert.assertEquals(Assert.java:665)
at org.example.stepDefs.D07_followUsStepDef.asserURL(D07_followUsStepDef.java:61)
at âœ½."https://demo.nopcommerce.com/new-online-store-is-open" is opened in new tab(file:///D:/IdeaProjects/NayeraFinal/src/main/resources/Features/F07_followUs.feature:19)
]]>
    </failure>
  </testcase> <!-- runScenario -->
  <system-out/>
  <testcase name="runScenario" time="10.867" classname="org.example.testRunners.runners"/>
  <system-out/>
  <testcase name="runScenario" time="10.790" classname="org.example.testRunners.runners"/>
  <system-out/>
  <testcase name="runScenario" time="10.672" classname="org.example.testRunners.runners"/>
  <system-out/>
  <testcase name="runScenario" time="7.981" classname="org.example.testRunners.runners"/>
  <system-out/>
  <testcase name="runScenario" time="18.722" classname="org.example.testRunners.runners"/>
  <system-out/>
  <testcase name="runScenario" time="22.104" classname="org.example.testRunners.runners"/>
  <system-out/>
</testsuite> <!-- org.example.testRunners.runners -->
